
🔍 Mencari: "toko buah" (limit: 20)
Mode: LIVE → API

📍 Mode koordinat: lat=-8.1159943, lng=113.3706665, zoom=14
🌐 Buka: https://www.google.com/maps/search/toko%20buah/@-8.1159943,113.3706665,14z
📋 Mengumpulkan link hasil...
✅ Ditemukan 20 link tempat

[1/20] Buka detail...
  ✓ Toko BUAH | no phone | rating: 5 | reviews: 1 | 4.7km
  → API: 201
[2/20] Buka detail...
  ✓ Toko buah jamila | no phone | rating: 4 | reviews: 10 | 1.1km
  → API: 201
[3/20] Buka detail...
  ✓ Toko Buah Karomah / Umi Bawon | 6281230180888 | rating: 4 | reviews: 7 | 1.2km
  → API: 201
[4/20] Buka detail...
  ⏭ Dilewati (753km dari target, maks 15km): Total Buah Segar
[5/20] Buka detail...
  ✓ Toko Buah Evila | 6281249877699 | rating: - | reviews: - | 0.6km
  → API: 201
[6/20] Buka detail...
  ✓ AyuniAf | 6285233755325 | rating: 5 | reviews: 1
  → API: 201
[7/20] Buka detail...
  ✓ RATU BUAH | no phone | rating: 4 | reviews: 2
  → API: 201
[8/20] Buka detail...
  ✓ Toko buah Gito | no phone | rating: 3 | reviews: 2
  → API: 201
[9/20] Buka detail...
  ✓ Toko buah P. surajun | 6285333043236 | rating: - | reviews: 1 | 0.6km
  → API: 201
[10/20] Buka detail...
  ✓ QUEEN@BUAH | 6282140467406 | rating: 5 | reviews: 6
  → API: 201
[11/20] Buka detail...
  ✓ Alfatih buah | no phone | rating: - | reviews: -
  → API: 201
[12/20] Buka detail...
  ✓ ASINAN DAN RUJAK BUAH AMANDA | 6285855354014 | rating: - | reviews: -
  → API: 201
[13/20] Buka detail...
  ✓ Elok Buah | no phone | rating: 3 | reviews: 2
  → API: 201
[14/20] Buka detail...
  ✓ Toko Buah Nusantara - Slipi | 628551116866 | rating: 4 | reviews: 225
  → API: 201
[15/20] Buka detail...
  ✓ TOKO BUAH Aldo | no phone | rating: - | reviews: 1
  → API: 201
[16/20] Buka detail...
  ✓ MEGA BUHA | no phone | rating: - | reviews: 1
  → API: 201
[17/20] Buka detail...
  ⏭ Dilewati (755km dari target, maks 15km): Toko Buah Ibu Nur
[18/20] Buka detail...
  ⏭ Dilewati (755km dari target, maks 15km): Capital Fruit
[19/20] Buka detail...
  ⏭ Dilewati (751km dari target, maks 15km): Toko Buah Edy's
[20/20] Buka detail...
  ✓ RISKI Toko buah jember | 6285755059279 | rating: 5 | reviews: 2
  → API: 201

📊 Selesai: 16 berhasil, 4 gagal
  📞 Punya nomor telepon: 8
  ⭐ Rata-rata rating: 4.20
__DONE_OK__
