
🔍 Mencari: "toko buah" (limit: 20)
Mode: LIVE → API

📍 Mode koordinat: lat=-8.2274607, lng=113.5588074, zoom=14
🌐 Buka: https://www.google.com/maps/search/toko%20buah/@-8.2274607,113.5588074,14z
📋 Mengumpulkan link hasil...
✅ Ditemukan 20 link tempat

[1/20] Buka detail...
  ✓ TOKO MAMA ALFI & GROSIR BUAH | no phone | rating: 5 | reviews: 1
  → API: 201
[2/20] Buka detail...
  ✓ ISTANA BUAH | 6281230545665 | rating: 5 | reviews: 2
  → API: 201
[3/20] Buka detail...
  ✓ Total Buah Segar | 62213152011 | rating: 4 | reviews: 1021
  → API: 201
[4/20] Buka detail...
  ✓ ANEKA FRUIT FRESH | 6285655298067 | rating: 3 | reviews: 4
  → API: 201
[5/20] Buka detail...
  ✓ Agil Buah | 6282335391498 | rating: 4 | reviews: 4
  → API: 201
[6/20] Buka detail...
  ✓ KIOS BUAH RIZQIYAN | 6285655952270 | rating: - | reviews: -
  → API: 201
[7/20] Buka detail...
  ✓ Toko Vinka Raja Buah | 6282230063988 | rating: 5 | reviews: 2
  → API: 201
[8/20] Buka detail...
  ✓ JAYA BUAH (ECKO) Dpn Masjid Asshirothol Mustaqim RAMBIPUJI | no phone | rating: 5 | reviews: 2
  → API: 201
[9/20] Buka detail...
  ✓ Anisa Jaya Buah Melon, Semangka | no phone | rating: 1 | reviews: 1
  → API: 201
[10/20] Buka detail...
  ✓ MM DFZ buah dan sayur | no phone | rating: - | reviews: -
  → API: 201
[11/20] Buka detail...
  ✓ Stand Buah Setiaku | no phone | rating: - | reviews: -
  → API: 201
[12/20] Buka detail...
  ✓ Toko Litira | 6281229792747 | rating: 4 | reviews: 480
  → API: 201
[13/20] Buka detail...
  ✓ Valin Buah Aneka Buah Segar & Parcel Buah | no phone | rating: - | reviews: -
  → API: 201
[14/20] Buka detail...
  ✓ Toko Yudhistira buah | 6282334800891 | rating: 4 | reviews: 3
  → API: 201
[15/20] Buka detail...
  ✓ KIOS BUAH KITA | 6285259357504 | rating: 4 | reviews: 17
  → API: 201
[16/20] Buka detail...
  ✓ Toko buah segar hendri | 6285715809996 | rating: 5 | reviews: 7
  → API: 201
[17/20] Buka detail...
  ✓ Toko Buah Nusantara - Slipi | 628551116866 | rating: 4 | reviews: 225
  → API: 201
[18/20] Buka detail...
  ✓ Toko Buah Edy's | 6285810692600 | rating: 4 | reviews: 412
  → API: 201
[19/20] Buka detail...
  ✓ Toko Buah Ibu Nur | 6285890010367 | rating: 4 | reviews: 2
  → API: 201
[20/20] Buka detail...
  ✓ Capital Fruit | 6287888852444 | rating: 4 | reviews: 629
  → API: 201

📊 Selesai: 20 berhasil, 0 gagal
  📞 Punya nomor telepon: 14
  ⭐ Rata-rata rating: 4.06
__DONE_OK__
